2020-10-14T00:47:42.519919+00:00 heroku[router]: at=error code=H10 desc="App crashed" method=GET path="/" host=defciberac3python.herokuapp.com request_id=2058e4fb-49e8-4865-8b68-41edf39f0e9c fwd="177.68.60.214" dyno= connect= service= status=503 bytes= protocol=https
2020-10-14T00:47:42.838065+00:00 heroku[router]: at=error code=H10 desc="App crashed" method=GET path="/favicon.ico" host=defciberac3python.herokuapp.com request_id=183b664b-e1b5-4009-80d6-06331409a1d1 fwd="177.68.60.214" dyno= connect= service= status=503 bytes= protocol=https
2020-10-14T00:59:03.000000+00:00 app[api]: Build started by user jose.teixeira@aluno.faculdadeimpacta.com.br
2020-10-14T00:59:26.255015+00:00 app[api]: Deploy 1f58c301 by user jose.teixeira@aluno.faculdadeimpacta.com.br
2020-10-14T00:59:26.255015+00:00 app[api]: Release v7 created by user jose.teixeira@aluno.faculdadeimpacta.com.br
2020-10-14T00:59:27.072585+00:00 heroku[web.1]: State changed from crashed to starting
2020-10-14T00:59:30.290767+00:00 heroku[web.1]: Starting process with command `python t8.py`
2020-10-14T00:59:32.241768+00:00 app[web.1]: File "t8.py", line 20
2020-10-14T00:59:32.241783+00:00 app[web.1]: for i in range(2, numero):
2020-10-14T00:59:32.241793+00:00 app[web.1]: ^
2020-10-14T00:59:32.241794+00:00 app[web.1]: IndentationError: unexpected indent
2020-10-14T00:59:32.287821+00:00 heroku[web.1]: Process exited with status 1
2020-10-14T00:59:32.328109+00:00 heroku[web.1]: State changed from starting to crashed
2020-10-14T00:59:32.329969+00:00 heroku[web.1]: State changed from crashed to starting
2020-10-14T00:59:34.000000+00:00 app[api]: Build succeeded
2020-10-14T00:59:35.315148+00:00 heroku[web.1]: Starting process with command `python t8.py`
2020-10-14T00:59:37.369556+00:00 app[web.1]: File "t8.py", line 20
2020-10-14T00:59:37.369580+00:00 app[web.1]: for i in range(2, numero):
2020-10-14T00:59:37.369581+00:00 app[web.1]: ^
2020-10-14T00:59:37.369612+00:00 app[web.1]: IndentationError: unexpected indent
2020-10-14T00:59:37.449576+00:00 heroku[web.1]: Process exited with status 1
2020-10-14T00:59:37.491821+00:00 heroku[web.1]: State changed from starting to crashed
2020-10-14T00:59:47.060155+00:00 heroku[router]: at=error code=H10 desc="App crashed" method=GET path="/" host=defciberac3python.herokuapp.com request_id=26700601-486f-4078-a0b8-53b1540ed597 fwd="177.68.60.214" dyno= connect= service= status=503 bytes= protocol=https
2020-10-14T00:59:47.355560+00:00 heroku[router]: at=error code=H10 desc="App crashed" method=GET path="/favicon.ico" host=defciberac3python.herokuapp.com request_id=93f8a67f-6c3d-4b20-80cd-ff24f329c853 fwd="177.68.60.214" dyno= connect= service= status=503 bytes= protocol=https
2020-10-14T01:07:09.000000+00:00 app[api]: Build started by user jose.teixeira@aluno.faculdadeimpacta.com.br
2020-10-14T01:07:34.745002+00:00 app[api]: Deploy 68a79c6f by user jose.teixeira@aluno.faculdadeimpacta.com.br
2020-10-14T01:07:34.745002+00:00 app[api]: Release v8 created by user jose.teixeira@aluno.faculdadeimpacta.com.br
2020-10-14T01:07:35.354946+00:00 heroku[web.1]: State changed from crashed to starting
2020-10-14T01:07:38.837368+00:00 heroku[web.1]: Starting process with command `python t8.py`
2020-10-14T01:07:42.406903+00:00 app[web.1]: Traceback (most recent call last):
2020-10-14T01:07:42.406927+00:00 app[web.1]: File "t8.py", line 7, in <module>
2020-10-14T01:07:42.407230+00:00 app[web.1]: @app.router('/')
2020-10-14T01:07:42.407340+00:00 app[web.1]: AttributeError: 'Flask' object has no attribute 'router'
2020-10-14T01:07:42.497157+00:00 heroku[web.1]: Process exited with status 1
2020-10-14T01:07:42.549862+00:00 heroku[web.1]: State changed from starting to crashed
2020-10-14T01:07:43.000000+00:00 app[api]: Build succeeded
2020-10-14T01:08:58.808212+00:00 heroku[router]: at=error code=H10 desc="App crashed" method=GET path="/" host=defciberac3python.herokuapp.com request_id=2917c72e-4ac3-44e8-8789-c7d7e86793be fwd="177.68.60.214" dyno= connect= service= status=503 bytes= protocol=https
2020-10-14T01:08:59.034266+00:00 heroku[router]: at=error code=H10 desc="App crashed" method=GET path="/favicon.ico" host=defciberac3python.herokuapp.com request_id=0da7c5d9-2dba-4dbe-9649-dda22d5938de fwd="177.68.60.214" dyno= connect= service= status=503 bytes= protocol=https
2020-10-14T01:17:41.000000+00:00 app[api]: Build started by user jose.teixeira@aluno.faculdadeimpacta.com.br
2020-10-14T01:18:05.666199+00:00 app[api]: Release v9 created by user jose.teixeira@aluno.faculdadeimpacta.com.br
2020-10-14T01:18:05.666199+00:00 app[api]: Deploy dbc0b431 by user jose.teixeira@aluno.faculdadeimpacta.com.br
2020-10-14T01:18:05.868284+00:00 heroku[web.1]: State changed from crashed to starting
2020-10-14T01:18:08.692996+00:00 heroku[web.1]: Starting process with command `python t8.py`
2020-10-14T01:18:11.193571+00:00 app[web.1]: Traceback (most recent call last):
2020-10-14T01:18:11.193586+00:00 app[web.1]: File "t8.py", line 7, in <module>
2020-10-14T01:18:11.193696+00:00 app[web.1]: @app.router('/')
2020-10-14T01:18:11.193723+00:00 app[web.1]: AttributeError: 'Flask' object has no attribute 'router'
2020-10-14T01:18:11.258952+00:00 heroku[web.1]: Process exited with status 1
2020-10-14T01:18:11.294201+00:00 heroku[web.1]: State changed from starting to crashed
2020-10-14T01:18:11.296053+00:00 heroku[web.1]: State changed from crashed to starting
2020-10-14T01:18:14.000000+00:00 app[api]: Build succeeded
2020-10-14T01:18:15.278580+00:00 heroku[web.1]: Starting process with command `python t8.py`
2020-10-14T01:18:18.960705+00:00 app[web.1]: Traceback (most recent call last):
2020-10-14T01:18:18.960720+00:00 app[web.1]: File "t8.py", line 7, in <module>
2020-10-14T01:18:18.960965+00:00 app[web.1]: @app.router('/')
2020-10-14T01:18:18.961059+00:00 app[web.1]: AttributeError: 'Flask' object has no attribute 'router'
2020-10-14T01:18:19.039620+00:00 heroku[web.1]: Process exited with status 1
2020-10-14T01:18:19.082136+00:00 heroku[web.1]: State changed from starting to crashed
2020-10-14T01:18:39.390732+00:00 heroku[router]: at=error code=H10 desc="App crashed" method=GET path="/" host=defciberac3python.herokuapp.com request_id=40fd2cc6-4902-4d39-8590-17a27a633a67 fwd="177.68.60.214" dyno= connect= service= status=503 bytes= protocol=https
2020-10-14T01:18:39.628718+00:00 heroku[router]: at=error code=H10 desc="App crashed" method=GET path="/favicon.ico" host=defciberac3python.herokuapp.com request_id=3e5e900f-4cc9-4b25-b633-622154fa2b73 fwd="177.68.60.214" dyno= connect= service= status=503 bytes= protocol=https
2020-10-14T01:49:19.559820+00:00 heroku[router]: at=error code=H10 desc="App crashed" method=GET path="/" host=defciberac3python.herokuapp.com request_id=71bcbdc5-d11c-4a7a-94b1-96d280e6ff6d fwd="177.68.60.214" dyno= connect= service= status=503 bytes= protocol=https
2020-10-14T01:49:19.880486+00:00 heroku[router]: at=error code=H10 desc="App crashed" method=GET path="/favicon.ico" host=defciberac3python.herokuapp.com request_id=d5a7431a-36ab-4a24-be39-1c0215e6eb4f fwd="177.68.60.214" dyno= connect= service= status=503 bytes= protocol=https
2020-10-14T01:49:37.369450+00:00 heroku[web.1]: State changed from crashed to starting
2020-10-14T01:49:40.458822+00:00 heroku[web.1]: Starting process with command `python t8.py`
2020-10-14T01:49:43.254837+00:00 app[web.1]: Traceback (most recent call last):
2020-10-14T01:49:43.254861+00:00 app[web.1]: File "t8.py", line 7, in <module>
2020-10-14T01:49:43.255016+00:00 app[web.1]: @app.router('/')
2020-10-14T01:49:43.255094+00:00 app[web.1]: AttributeError: 'Flask' object has no attribute 'router'
2020-10-14T01:49:43.334282+00:00 heroku[web.1]: Process exited with status 1
2020-10-14T01:49:43.388428+00:00 heroku[web.1]: State changed from starting to crashed
2020-10-14T01:55:49.000000+00:00 app[api]: Build started by user jose.teixeira@aluno.faculdadeimpacta.com.br
2020-10-14T01:56:12.026049+00:00 app[api]: Deploy 86a8268e by user jose.teixeira@aluno.faculdadeimpacta.com.br
2020-10-14T01:56:12.026049+00:00 app[api]: Release v10 created by user jose.teixeira@aluno.faculdadeimpacta.com.br
2020-10-14T01:56:12.278780+00:00 heroku[web.1]: State changed from crashed to starting
2020-10-14T01:56:15.251550+00:00 heroku[web.1]: Starting process with command `python t8.py`
2020-10-14T01:56:17.747072+00:00 app[web.1]: Traceback (most recent call last):
2020-10-14T01:56:17.747093+00:00 app[web.1]: File "t8.py", line 34, in <module>
2020-10-14T01:56:17.747215+00:00 app[web.1]: port  =  int(os.amb.get("PORT" , 5000))
2020-10-14T01:56:17.747237+00:00 app[web.1]: AttributeError: module 'os' has no attribute 'amb'
2020-10-14T01:56:17.801880+00:00 heroku[web.1]: Process exited with status 1
2020-10-14T01:56:17.848930+00:00 heroku[web.1]: State changed from starting to crashed
2020-10-14T01:56:20.000000+00:00 app[api]: Build succeeded
2020-10-14T01:56:48.258844+00:00 heroku[router]: at=error code=H10 desc="App crashed" method=GET path="/" host=defciberac3python.herokuapp.com request_id=dbb640eb-6f6d-4e6a-a73f-b64bd3fbcaf0 fwd="177.68.60.214" dyno= connect= service= status=503 bytes= protocol=https
2020-10-14T01:56:53.505424+00:00 heroku[router]: at=error code=H10 desc="App crashed" method=GET path="/favicon.ico" host=defciberac3python.herokuapp.com request_id=d76d194f-5b3a-4d43-a873-89fa7546ad39 fwd="177.68.60.214" dyno= connect= service= status=503 bytes= protocol=https
2020-10-14T02:00:39.597151+00:00 heroku[web.1]: State changed from crashed to starting
2020-10-14T02:00:43.711443+00:00 heroku[web.1]: Starting process with command `python t8.py`
2020-10-14T02:00:45.859807+00:00 app[web.1]: Traceback (most recent call last):
2020-10-14T02:00:45.859849+00:00 app[web.1]: File "t8.py", line 34, in <module>
2020-10-14T02:00:45.859966+00:00 app[web.1]: port  =  int(os.amb.get("PORT" , 5000))
2020-10-14T02:00:45.860033+00:00 app[web.1]: AttributeError: module 'os' has no attribute 'amb'
2020-10-14T02:00:45.925713+00:00 heroku[web.1]: Process exited with status 1
2020-10-14T02:00:45.967009+00:00 heroku[web.1]: State changed from starting to crashed
2020-10-14T02:36:58.794595+00:00 heroku[web.1]: State changed from crashed to starting
2020-10-14T02:37:01.862991+00:00 heroku[web.1]: Starting process with command `python t8.py`
2020-10-14T02:37:04.490413+00:00 app[web.1]: Traceback (most recent call last):
2020-10-14T02:37:04.490443+00:00 app[web.1]: File "t8.py", line 34, in <module>
2020-10-14T02:37:04.490563+00:00 app[web.1]: port  =  int(os.amb.get("PORT" , 5000))
2020-10-14T02:37:04.490570+00:00 app[web.1]: AttributeError: module 'os' has no attribute 'amb'
2020-10-14T02:37:04.547448+00:00 heroku[web.1]: Process exited with status 1
2020-10-14T02:37:04.582717+00:00 heroku[web.1]: State changed from starting to crashed
Deseja finalizar o arquivo em lotes (S/N)? 
Deseja finalizar o arquivo em lotes (S/N)? [A[A[A[B[B
Deseja finalizar o arquivo em lotes (S/N)? 
Deseja finalizar o arquivo em lotes (S/N)? 
Deseja finalizar o arquivo em lotes (S/N)? 
Deseja finalizar o arquivo em lotes (S/N)? [A[A[A[A[A[A[B[B[B
Deseja finalizar o arquivo em lotes (S/N)? 
Deseja finalizar o arquivo em lotes (S/N)? 
Deseja finalizar o arquivo em lotes (S/N)? 
Deseja finalizar o arquivo em lotes (S/N)? 
Deseja finalizar o arquivo em lotes (S/N)? [A[A[A[A[A[A[3~[3~[3~[3~[3~[C[C[C
Deseja finalizar o arquivo em lotes (S/N)? 
Deseja finalizar o arquivo em lotes (S/N)? 
Deseja finalizar o arquivo em lotes (S/N)? 
Deseja finalizar o arquivo em lotes (S/N)? 
Deseja finalizar o arquivo em lotes (S/N)? 
2020-10-14T01:49:19.880486+00:00 heroku[router]: at=error code=H10 desc="App crashed" method=GET path="/favicon.ico" host=defciberac3python.herokuapp.com request_id=d5a7431a-36ab-4a24-be39-1c0215e6eb4f fwd="177.68.60.214" dyno= connect= service= status=503 bytes= protocol=https
2020-10-14T01:49:37.369450+00:00 heroku[web.1]: State changed from crashed to starting
2020-10-14T01:49:40.458822+00:00 heroku[web.1]: Starting process with command `python t8.py`
2020-10-14T01:49:43.254837+00:00 app[web.1]: Traceback (most recent call last):
2020-10-14T01:49:43.254861+00:00 app[web.1]: File "t8.py", line 7, in <module>
2020-10-14T01:49:43.255016+00:00 app[web.1]: @app.router('/')
2020-10-14T01:49:43.255094+00:00 app[web.1]: AttributeError: 'Flask' object has no attribute 'router'
2020-10-14T01:49:43.334282+00:00 heroku[web.1]: Process exited with status 1
2020-10-14T01:49:43.388428+00:00 heroku[web.1]: State changed from starting to crashed
2020-10-14T01:55:49.000000+00:00 app[api]: Build started by user jose.teixeira@aluno.faculdadeimpacta.com.br
2020-10-14T01:56:12.026049+00:00 app[api]: Deploy 86a8268e by user jose.teixeira@aluno.faculdadeimpacta.com.br
2020-10-14T01:56:12.026049+00:00 app[api]: Release v10 created by user jose.teixeira@aluno.faculdadeimpacta.com.br
2020-10-14T01:56:12.278780+00:00 heroku[web.1]: State changed from crashed to starting
2020-10-14T01:56:15.251550+00:00 heroku[web.1]: Starting process with command `python t8.py`
2020-10-14T01:56:17.747072+00:00 app[web.1]: Traceback (most recent call last):
2020-10-14T01:56:17.747093+00:00 app[web.1]: File "t8.py", line 34, in <module>
2020-10-14T01:56:17.747215+00:00 app[web.1]: port  =  int(os.amb.get("PORT" , 5000))
2020-10-14T01:56:17.747237+00:00 app[web.1]: AttributeError: module 'os' has no attribute 'amb'
2020-10-14T01:56:17.801880+00:00 heroku[web.1]: Process exited with status 1
2020-10-14T01:56:17.848930+00:00 heroku[web.1]: State changed from starting to crashed
2020-10-14T01:56:20.000000+00:00 app[api]: Build succeeded
2020-10-14T01:56:48.258844+00:00 heroku[router]: at=error code=H10 desc="App crashed" method=GET path="/" host=defciberac3python.herokuapp.com request_id=dbb640eb-6f6d-4e6a-a73f-b64bd3fbcaf0 fwd="177.68.60.214" dyno= connect= service= status=503 bytes= protocol=https
2020-10-14T01:56:53.505424+00:00 heroku[router]: at=error code=H10 desc="App crashed" method=GET path="/favicon.ico" host=defciberac3python.herokuapp.com request_id=d76d194f-5b3a-4d43-a873-89fa7546ad39 fwd="177.68.60.214" dyno= connect= service= status=503 bytes= protocol=https
2020-10-14T02:00:39.597151+00:00 heroku[web.1]: State changed from crashed to starting
2020-10-14T02:00:43.711443+00:00 heroku[web.1]: Starting process with command `python t8.py`
2020-10-14T02:00:45.859807+00:00 app[web.1]: Traceback (most recent call last):
2020-10-14T02:00:45.859849+00:00 app[web.1]: File "t8.py", line 34, in <module>
2020-10-14T02:00:45.859966+00:00 app[web.1]: port  =  int(os.amb.get("PORT" , 5000))
2020-10-14T02:00:45.860033+00:00 app[web.1]: AttributeError: module 'os' has no attribute 'amb'
2020-10-14T02:00:45.925713+00:00 heroku[web.1]: Process exited with status 1
2020-10-14T02:00:45.967009+00:00 heroku[web.1]: State changed from starting to crashed
2020-10-14T02:36:58.794595+00:00 heroku[web.1]: State changed from crashed to starting
2020-10-14T02:37:01.862991+00:00 heroku[web.1]: Starting process with command `python t8.py`
2020-10-14T02:37:04.490413+00:00 app[web.1]: Traceback (most recent call last):
2020-10-14T02:37:04.490443+00:00 app[web.1]: File "t8.py", line 34, in <module>
2020-10-14T02:37:04.490563+00:00 app[web.1]: port  =  int(os.amb.get("PORT" , 5000))
2020-10-14T02:37:04.490570+00:00 app[web.1]: AttributeError: module 'os' has no attribute 'amb'
2020-10-14T02:37:04.547448+00:00 heroku[web.1]: Process exited with status 1
2020-10-14T02:37:04.582717+00:00 heroku[web.1]: State changed from starting to crashed
2020-10-14T03:15:19.000000+00:00 app[api]: Build started by user jose.teixeira@aluno.faculdadeimpacta.com.br
2020-10-14T03:15:45.246042+00:00 app[api]: Deploy 19d86743 by user jose.teixeira@aluno.faculdadeimpacta.com.br
2020-10-14T03:15:45.246042+00:00 app[api]: Release v11 created by user jose.teixeira@aluno.faculdadeimpacta.com.br
2020-10-14T03:15:45.546792+00:00 heroku[web.1]: State changed from crashed to starting
2020-10-14T03:15:48.467766+00:00 heroku[web.1]: Starting process with command `python t8.py`
2020-10-14T03:15:50.934739+00:00 app[web.1]: Traceback (most recent call last):
2020-10-14T03:15:50.934758+00:00 app[web.1]: File "t8.py", line 35, in <module>
2020-10-14T03:15:50.934905+00:00 app[web.1]: port  =  int(os.amb.get("PORT" , 5000))
2020-10-14T03:15:50.934963+00:00 app[web.1]: AttributeError: module 'os' has no attribute 'amb'
2020-10-14T03:15:51.019477+00:00 heroku[web.1]: Process exited with status 1
2020-10-14T03:15:51.054607+00:00 heroku[web.1]: State changed from starting to crashed
2020-10-14T03:15:51.060089+00:00 heroku[web.1]: State changed from crashed to starting
2020-10-14T03:15:53.000000+00:00 app[api]: Build succeeded
2020-10-14T03:15:54.139716+00:00 heroku[web.1]: Starting process with command `python t8.py`
2020-10-14T03:15:56.388200+00:00 app[web.1]: Traceback (most recent call last):
2020-10-14T03:15:56.388227+00:00 app[web.1]: File "t8.py", line 35, in <module>
2020-10-14T03:15:56.388325+00:00 app[web.1]: port  =  int(os.amb.get("PORT" , 5000))
2020-10-14T03:15:56.388336+00:00 app[web.1]: AttributeError: module 'os' has no attribute 'amb'
2020-10-14T03:15:56.462229+00:00 heroku[web.1]: Process exited with status 1
2020-10-14T03:15:56.511323+00:00 heroku[web.1]: State changed from starting to crashed
2020-10-14T03:21:29.730845+00:00 heroku[router]: at=error code=H10 desc="App crashed" method=GET path="/" host=defciberac3python.herokuapp.com request_id=010cb1ea-6021-46b1-9523-41d1d7677f67 fwd="177.68.60.214" dyno= connect= service= status=503 bytes= protocol=https
2020-10-14T03:21:30.129447+00:00 heroku[router]: at=error code=H10 desc="App crashed" method=GET path="/favicon.ico" host=defciberac3python.herokuapp.com request_id=f69aa218-c6f5-457b-87db-a53265376ede fwd="177.68.60.214" dyno= connect= service= status=503 bytes= protocol=https
2020-10-14T03:25:22.000000+00:00 app[api]: Build started by user jose.teixeira@aluno.faculdadeimpacta.com.br
2020-10-14T03:25:45.739786+00:00 app[api]: Release v12 created by user jose.teixeira@aluno.faculdadeimpacta.com.br
2020-10-14T03:25:45.739786+00:00 app[api]: Deploy 84276615 by user jose.teixeira@aluno.faculdadeimpacta.com.br
2020-10-14T03:25:45.946622+00:00 heroku[web.1]: State changed from crashed to starting
2020-10-14T03:25:49.817259+00:00 heroku[web.1]: Starting process with command `python t8.py`
2020-10-14T03:25:52.808873+00:00 app[web.1]: Traceback (most recent call last):
2020-10-14T03:25:52.808882+00:00 app[web.1]: File "t8.py", line 35, in <module>
2020-10-14T03:25:52.809169+00:00 app[web.1]: port  =  int(os.amb.get("PORT" , 5000))
2020-10-14T03:25:52.809318+00:00 app[web.1]: AttributeError: module 'os' has no attribute 'amb'
2020-10-14T03:25:52.880931+00:00 heroku[web.1]: Process exited with status 1
2020-10-14T03:25:52.932830+00:00 heroku[web.1]: State changed from starting to crashed
2020-10-14T03:25:54.000000+00:00 app[api]: Build succeeded
2020-10-14T03:26:11.518633+00:00 heroku[router]: at=error code=H10 desc="App crashed" method=GET path="/" host=defciberac3python.herokuapp.com request_id=b6c3ec7d-9bf1-49d9-b355-0b6a75dafd51 fwd="177.68.60.214" dyno= connect= service= status=503 bytes= protocol=https
2020-10-14T03:26:11.896304+00:00 heroku[router]: at=error code=H10 desc="App crashed" method=GET path="/favicon.ico" host=defciberac3python.herokuapp.com request_id=c0edd240-4ef7-49aa-8514-c6854d5efb7f fwd="177.68.60.214" dyno= connect= service= status=503 bytes= protocol=https
2020-10-14T03:31:05.587628+00:00 heroku[web.1]: State changed from crashed to starting
2020-10-14T03:31:08.910117+00:00 heroku[web.1]: Starting process with command `python t8.py`
2020-10-14T03:31:11.895097+00:00 app[web.1]: Traceback (most recent call last):
2020-10-14T03:31:11.895170+00:00 app[web.1]: File "t8.py", line 35, in <module>
2020-10-14T03:31:11.895429+00:00 app[web.1]: port  =  int(os.amb.get("PORT" , 5000))
2020-10-14T03:31:11.895525+00:00 app[web.1]: AttributeError: module 'os' has no attribute 'amb'
2020-10-14T03:31:11.995895+00:00 heroku[web.1]: Process exited with status 1
2020-10-14T03:31:12.052913+00:00 heroku[web.1]: State changed from starting to crashed
2020-10-14T03:38:00.000000+00:00 app[api]: Build started by user jose.teixeira@aluno.faculdadeimpacta.com.br
2020-10-14T03:38:23.415101+00:00 app[api]: Release v13 created by user jose.teixeira@aluno.faculdadeimpacta.com.br
2020-10-14T03:38:23.415101+00:00 app[api]: Deploy 79596985 by user jose.teixeira@aluno.faculdadeimpacta.com.br
2020-10-14T03:38:23.696898+00:00 heroku[web.1]: State changed from crashed to starting
2020-10-14T03:38:26.958143+00:00 heroku[web.1]: Starting process with command `python t8.py`
2020-10-14T03:38:29.834704+00:00 app[web.1]: * Serving Flask app "t8" (lazy loading)
2020-10-14T03:38:29.834728+00:00 app[web.1]: * Environment: production
2020-10-14T03:38:29.834760+00:00 app[web.1]: WARNING: Do not use the development server in a production environment.
2020-10-14T03:38:29.834782+00:00 app[web.1]: Use a production WSGI server instead.
2020-10-14T03:38:29.834810+00:00 app[web.1]: * Debug mode: off
2020-10-14T03:38:29.855603+00:00 app[web.1]: * Running on http://0.0.0.0:42435/ (Press CTRL+C to quit)
2020-10-14T03:38:31.145869+00:00 heroku[web.1]: State changed from starting to up
2020-10-14T03:38:32.000000+00:00 app[api]: Build succeeded
2020-10-14T03:38:48.227648+00:00 heroku[router]: at=info method=GET path="/" host=defciberac3python.herokuapp.com request_id=0c57d20c-1519-49ff-88a5-06f4c9c331b6 fwd="177.68.60.214" dyno=web.1 connect=0ms service=5ms status=200 bytes=566 protocol=https
2020-10-14T03:38:48.230573+00:00 app[web.1]: 10.16.250.243 - - [14/Oct/2020 03:38:48] "GET / HTTP/1.1" 200 -
2020-10-14T03:38:48.606008+00:00 heroku[router]: at=info method=GET path="/favicon.ico" host=defciberac3python.herokuapp.com request_id=6a7210ef-a7a6-40cb-82b7-62dbc3bc6bf2 fwd="177.68.60.214" dyno=web.1 connect=2ms service=20ms status=404 bytes=379 protocol=https
2020-10-14T03:38:48.609021+00:00 app[web.1]: 10.16.250.243 - - [14/Oct/2020 03:38:48] "GET /favicon.ico HTTP/1.1" 404 -
